<?xml version="1.0" encoding="UTF-8"?>
<!-- Generated by org.testng.reporters.JUnitReportReporter -->
<testsuite hostname="DESKTOP-M6PSPVH" failures="0" tests="1" name="driverFactory.AppTest" time="99.502" errors="0" timestamp="2024-06-20T15:30:26 IST" skipped="0">
  <testcase classname="driverFactory.AppTest" name="kickStrat" time="99.502">
    <system-out>
      <![CDATA[Stock-000001911        Stock-000001911
Supplier-00000003697        Supplier-00000003697
Customer-00000006881        Customer-00000006881]]>
    </system-out>
  </testcase> <!-- kickStrat -->
  <system-out>
    <![CDATA[Stock-000001911        Stock-000001911
Supplier-00000003697        Supplier-00000003697
Customer-00000006881        Customer-00000006881]]>
  </system-out>
</testsuite> <!-- driverFactory.AppTest -->
